Godot Engine v3.2.3.stable.official - https://godotengine.org
OpenGL ES 3.0 Renderer: GeForce GTX 1050/PCIe/SSE2
 
**ERROR**: Node not found: StencilView.
   At: scene/main/node.cpp:1381:get_node() - Condition "!node" is true. Returned: __null
**ERROR**: ViewportTexture: Path to node is invalid.
   At: scene/main/viewport.cpp:69:setup_local_to_scene() - Condition "!vpn" is true.
**ERROR**: Node not found: StencilView.
   At: scene/main/node.cpp:1381:get_node() - Condition "!node" is true. Returned: __null
**ERROR**: ViewportTexture: Path to node is invalid.
   At: scene/main/viewport.cpp:69:setup_local_to_scene() - Condition "!vpn" is true.
**ERROR**: Node not found: 三维卡/卡片ui/Viewport.
   At: scene/main/node.cpp:1381:get_node() - Condition "!node" is true. Returned: __null
**ERROR**: ViewportTexture: Path to node is invalid.
   At: scene/main/viewport.cpp:69:setup_local_to_scene() - Condition "!vpn" is true.
**ERROR**: Node not found: StencilView.
   At: scene/main/node.cpp:1381:get_node() - Condition "!node" is true. Returned: __null
**ERROR**: ViewportTexture: Path to node is invalid.
   At: scene/main/viewport.cpp:69:setup_local_to_scene() - Condition "!vpn" is true.
**ERROR**: Node not found: StencilView.
   At: scene/main/node.cpp:1381:get_node() - Condition "!node" is true. Returned: __null
**ERROR**: ViewportTexture: Path to node is invalid.
   At: scene/main/viewport.cpp:69:setup_local_to_scene() - Condition "!vpn" is true.
**ERROR**: Node not found: 三维卡/卡片ui/Viewport.
   At: scene/main/node.cpp:1381:get_node() - Condition "!node" is true. Returned: __null
**ERROR**: ViewportTexture: Path to node is invalid.
   At: scene/main/viewport.cpp:69:setup_local_to_scene() - Condition "!vpn" is true.
